<?xml version="1.0" encoding="UTF-8"?>
<testng-results ignored="0" total="2" passed="1" failed="1" skipped="0">
  <reporter-output>
  </reporter-output>
  <suite started-at="2024-07-08T16:16:57 IST" name="AmzonSuite" finished-at="2024-07-08T16:23:15 IST" duration-ms="377688">
    <groups>
    </groups>
    <test started-at="2024-07-08T16:16:57 IST" name="ProductTest" finished-at="2024-07-08T16:23:15 IST" duration-ms="377688">
      <class name="test.HomepageTest">
        <test-method is-config="true" signature="IntiliazeBrowser()[pri:0, instance:test.HomepageTest@3ce1e309]" started-at="2024-07-08T16:16:58 IST" name="IntiliazeBrowser" finished-at="2024-07-08T16:20:00 IST" duration-ms="182416" status="PASS">
          <reporter-output>
          </reporter-output>
        </test-method> <!-- IntiliazeBrowser -->
        <test-method is-config="true" signature="setup()[pri:0, instance:test.HomepageTest@3ce1e309]" started-at="2024-07-08T16:20:00 IST" name="setup" finished-at="2024-07-08T16:20:01 IST" duration-ms="917" status="PASS">
          <reporter-output>
          </reporter-output>
        </test-method> <!-- setup -->
        <test-method signature="toMobileSection()[pri:0, instance:test.HomepageTest@3ce1e309]" started-at="2024-07-08T16:20:01 IST" name="toMobileSection" finished-at="2024-07-08T16:22:11 IST" duration-ms="130071" status="PASS">
          <reporter-output>
          </reporter-output>
        </test-method> <!-- toMobileSection -->
        <test-method is-config="true" signature="tearDown()[pri:0, instance:test.HomepageTest@3ce1e309]" started-at="2024-07-08T16:22:11 IST" name="tearDown" finished-at="2024-07-08T16:22:34 IST" duration-ms="22826" status="PASS">
          <reporter-output>
          </reporter-output>
        </test-method> <!-- tearDown -->
        <test-method is-config="true" signature="IntiliazeBrowser()[pri:0, instance:test.HomepageTest@3ce1e309]" started-at="2024-07-08T16:22:34 IST" name="IntiliazeBrowser" finished-at="2024-07-08T16:23:07 IST" duration-ms="33200" status="PASS">
          <reporter-output>
          </reporter-output>
        </test-method> <!-- IntiliazeBrowser -->
        <test-method is-config="true" signature="setup()[pri:0, instance:test.HomepageTest@3ce1e309]" started-at="2024-07-08T16:23:07 IST" name="setup" finished-at="2024-07-08T16:23:07 IST" duration-ms="10" status="PASS">
          <reporter-output>
          </reporter-output>
        </test-method> <!-- setup -->
        <test-method signature="toSmartMobile()[pri:0, instance:test.HomepageTest@3ce1e309]" started-at="2024-07-08T16:23:07 IST" name="toSmartMobile" finished-at="2024-07-08T16:23:08 IST" duration-ms="258" status="FAIL">
          <exception class="org.openqa.selenium.NoSuchWindowException">
            <message>
              <![CDATA[no such window: target window already closed
from unknown error: web view not found
  (Session info: MicrosoftEdge=109.0.1518.140)
Build info: version: '4.21.0', revision: '79ed462ef4'
System info: os.name: 'Windows 8.1', os.arch: 'amd64', os.version: '6.3', java.version: '21.0.2'
Driver info: org.openqa.selenium.edge.EdgeDriver
Command: [bb92179c62bbf615d3f5f1aeb06d0bde, findElement {using=link text, value=Mobiles}]
Capabilities {acceptInsecureCerts: false, browserName: msedge, browserVersion: 109.0.1518.140, ms:edgeOptions: {debuggerAddress: localhost:52242}, msedge: {msedgedriverVersion: 109.0.1518.78 (4e4b32c38163..., userDataDir: C:\Users\yuva\AppData\Local...}, networkConnectionEnabled: false, pageLoadStrategy: normal, platformName: windows, proxy: Proxy(), se:cdp: ws://localhost:52242/devtoo..., se:cdpVersion: 109.0.1518.140, setWindowRect: true, strictFileInteractability: false, timeouts: {implicit: 0, pageLoad: 300000, script: 30000}, unhandledPromptBehavior: dismiss and notify, webauthn:extension:credBlob: true, webauthn:extension:largeBlob: true, webauthn:virtualAuthenticators: true}
Session ID: bb92179c62bbf615d3f5f1aeb06d0bde]]>
            </message>
            <full-stacktrace>
              <![CDATA[org.openqa.selenium.NoSuchWindowException: no such window: target window already closed
from unknown error: web view not found
  (Session info: MicrosoftEdge=109.0.1518.140)
Build info: version: '4.21.0', revision: '79ed462ef4'
System info: os.name: 'Windows 8.1', os.arch: 'amd64', os.version: '6.3', java.version: '21.0.2'
Driver info: org.openqa.selenium.edge.EdgeDriver
Command: [bb92179c62bbf615d3f5f1aeb06d0bde, findElement {using=link text, value=Mobiles}]
Capabilities {acceptInsecureCerts: false, browserName: msedge, browserVersion: 109.0.1518.140, ms:edgeOptions: {debuggerAddress: localhost:52242}, msedge: {msedgedriverVersion: 109.0.1518.78 (4e4b32c38163..., userDataDir: C:\Users\yuva\AppData\Local...}, networkConnectionEnabled: false, pageLoadStrategy: normal, platformName: windows, proxy: Proxy(), se:cdp: ws://localhost:52242/devtoo..., se:cdpVersion: 109.0.1518.140, setWindowRect: true, strictFileInteractability: false, timeouts: {implicit: 0, pageLoad: 300000, script: 30000}, unhandledPromptBehavior: dismiss and notify, webauthn:extension:credBlob: true, webauthn:extension:largeBlob: true, webauthn:virtualAuthenticators: true}
Session ID: bb92179c62bbf615d3f5f1aeb06d0bde
at java.base/jdk.internal.reflect.DirectConstructorHandleAccessor.newInstance(DirectConstructorHandleAccessor.java:62)
at java.base/java.lang.reflect.Constructor.newInstanceWithCaller(Constructor.java:502)
at java.base/java.lang.reflect.Constructor.newInstance(Constructor.java:486)
at org.openqa.selenium.remote.ErrorCodec.decode(ErrorCodec.java:167)
at org.openqa.selenium.remote.codec.w3c.W3CHttpResponseCodec.decode(W3CHttpResponseCodec.java:138)
at org.openqa.selenium.remote.codec.w3c.W3CHttpResponseCodec.decode(W3CHttpResponseCodec.java:50)
at org.openqa.selenium.remote.HttpCommandExecutor.execute(HttpCommandExecutor.java:190)
at org.openqa.selenium.remote.service.DriverCommandExecutor.invokeExecute(DriverCommandExecutor.java:216)
at org.openqa.selenium.remote.service.DriverCommandExecutor.execute(DriverCommandExecutor.java:174)
at org.openqa.selenium.remote.RemoteWebDriver.execute(RemoteWebDriver.java:518)
at org.openqa.selenium.remote.ElementLocation$ElementFinder$2.findElement(ElementLocation.java:165)
at org.openqa.selenium.remote.ElementLocation.findElement(ElementLocation.java:59)
at org.openqa.selenium.remote.RemoteWebDriver.findElement(RemoteWebDriver.java:355)
at org.openqa.selenium.remote.RemoteWebDriver.findElement(RemoteWebDriver.java:349)
at org.openqa.selenium.support.pagefactory.DefaultElementLocator.findElement(DefaultElementLocator.java:68)
at org.openqa.selenium.support.pagefactory.internal.LocatingElementHandler.invoke(LocatingElementHandler.java:38)
at jdk.proxy2/jdk.proxy2.$Proxy13.click(Unknown Source)
at pages.Homepage.toMobile(Homepage.java:37)
at pages.Homepage.toSmartMobile(Homepage.java:41)
at test.HomepageTest.toSmartMobile(HomepageTest.java:27)
at java.base/jdk.internal.reflect.DirectMethodHandleAccessor.invoke(DirectMethodHandleAccessor.java:103)
at java.base/java.lang.reflect.Method.invoke(Method.java:580)
at org.testng.internal.MethodInvocationHelper.invokeMethod(MethodInvocationHelper.java:133)
at org.testng.internal.TestInvoker.invokeMethod(TestInvoker.java:598)
at org.testng.internal.TestInvoker.invokeTestMethod(TestInvoker.java:173)
at org.testng.internal.MethodRunner.runInSequence(MethodRunner.java:46)
at org.testng.internal.TestInvoker$MethodInvocationAgent.invoke(TestInvoker.java:824)
at org.testng.internal.TestInvoker.invokeTestMethods(TestInvoker.java:146)
at org.testng.internal.TestMethodWorker.invokeTestMethods(TestMethodWorker.java:146)
at org.testng.internal.TestMethodWorker.run(TestMethodWorker.java:128)
at java.base/java.util.ArrayList.forEach(ArrayList.java:1596)
at org.testng.TestRunner.privateRun(TestRunner.java:794)
at org.testng.TestRunner.run(TestRunner.java:596)
at org.testng.SuiteRunner.runTest(SuiteRunner.java:377)
at org.testng.SuiteRunner.runSequentially(SuiteRunner.java:371)
at org.testng.SuiteRunner.privateRun(SuiteRunner.java:332)
at org.testng.SuiteRunner.run(SuiteRunner.java:276)
at org.testng.SuiteRunnerWorker.runSuite(SuiteRunnerWorker.java:53)
at org.testng.SuiteRunnerWorker.run(SuiteRunnerWorker.java:96)
at org.testng.TestNG.runSuitesSequentially(TestNG.java:1212)
at org.testng.TestNG.runSuitesLocally(TestNG.java:1134)
at org.testng.TestNG.runSuites(TestNG.java:1063)
at org.testng.TestNG.run(TestNG.java:1031)
at org.testng.remote.AbstractRemoteTestNG.run(AbstractRemoteTestNG.java:115)
at org.testng.remote.RemoteTestNG.initAndRun(RemoteTestNG.java:293)
at org.testng.remote.RemoteTestNG.main(RemoteTestNG.java:91)
]]>
            </full-stacktrace>
          </exception> <!-- org.openqa.selenium.NoSuchWindowException -->
          <reporter-output>
          </reporter-output>
        </test-method> <!-- toSmartMobile -->
        <test-method is-config="true" signature="tearDown()[pri:0, instance:test.HomepageTest@3ce1e309]" started-at="2024-07-08T16:23:08 IST" name="tearDown" finished-at="2024-07-08T16:23:15 IST" duration-ms="6809" status="PASS">
          <reporter-output>
          </reporter-output>
        </test-method> <!-- tearDown -->
      </class> <!-- test.HomepageTest -->
    </test> <!-- ProductTest -->
  </suite> <!-- AmzonSuite -->
</testng-results>
