<?xml version="1.0" encoding="UTF-8"?>
<!-- Generated by org.testng.reporters.JUnitXMLReporter -->
<testsuite ignored="0" hostname="yuvaraj" failures="1" tests="2" name="ProductTest" time="377.688" errors="0" timestamp="2024-07-08T16:23:15 IST">
  <testcase classname="test.HomepageTest" name="toMobileSection" time="130.071"/>
  <testcase classname="test.HomepageTest" name="toSmartMobile" time="0.258">
    <failure type="org.openqa.selenium.NoSuchWindowException" message="no such window: target window already closed
from unknown error: web view not found
  (Session info: MicrosoftEdge=109.0.1518.140)
Build info: version: &amp;apos;4.21.0&amp;apos;, revision: &amp;apos;79ed462ef4&amp;apos;
System info: os.name: &amp;apos;Windows 8.1&amp;apos;, os.arch: &amp;apos;amd64&amp;apos;, os.version: &amp;apos;6.3&amp;apos;, java.version: &amp;apos;21.0.2&amp;apos;
Driver info: org.openqa.selenium.edge.EdgeDriver
Command: [bb92179c62bbf615d3f5f1aeb06d0bde, findElement {using=link text, value=Mobiles}]
Capabilities {acceptInsecureCerts: false, browserName: msedge, browserVersion: 109.0.1518.140, ms:edgeOptions: {debuggerAddress: localhost:52242}, msedge: {msedgedriverVersion: 109.0.1518.78 (4e4b32c38163..., userDataDir: C:\Users\yuva\AppData\Local...}, networkConnectionEnabled: false, pageLoadStrategy: normal, platformName: windows, proxy: Proxy(), se:cdp: ws://localhost:52242/devtoo..., se:cdpVersion: 109.0.1518.140, setWindowRect: true, strictFileInteractability: false, timeouts: {implicit: 0, pageLoad: 300000, script: 30000}, unhandledPromptBehavior: dismiss and notify, webauthn:extension:credBlob: true, webauthn:extension:largeBlob: true, webauthn:virtualAuthenticators: true}
Session ID: bb92179c62bbf615d3f5f1aeb06d0bde">
      <![CDATA[org.openqa.selenium.NoSuchWindowException: no such window: target window already closed
from unknown error: web view not found
  (Session info: MicrosoftEdge=109.0.1518.140)
Build info: version: '4.21.0', revision: '79ed462ef4'
System info: os.name: 'Windows 8.1', os.arch: 'amd64', os.version: '6.3', java.version: '21.0.2'
Driver info: org.openqa.selenium.edge.EdgeDriver
Command: [bb92179c62bbf615d3f5f1aeb06d0bde, findElement {using=link text, value=Mobiles}]
Capabilities {acceptInsecureCerts: false, browserName: msedge, browserVersion: 109.0.1518.140, ms:edgeOptions: {debuggerAddress: localhost:52242}, msedge: {msedgedriverVersion: 109.0.1518.78 (4e4b32c38163..., userDataDir: C:\Users\yuva\AppData\Local...}, networkConnectionEnabled: false, pageLoadStrategy: normal, platformName: windows, proxy: Proxy(), se:cdp: ws://localhost:52242/devtoo..., se:cdpVersion: 109.0.1518.140, setWindowRect: true, strictFileInteractability: false, timeouts: {implicit: 0, pageLoad: 300000, script: 30000}, unhandledPromptBehavior: dismiss and notify, webauthn:extension:credBlob: true, webauthn:extension:largeBlob: true, webauthn:virtualAuthenticators: true}
Session ID: bb92179c62bbf615d3f5f1aeb06d0bde
at org.openqa.selenium.remote.ErrorCodec.decode(ErrorCodec.java:167)
at org.openqa.selenium.remote.codec.w3c.W3CHttpResponseCodec.decode(W3CHttpResponseCodec.java:138)
at org.openqa.selenium.remote.codec.w3c.W3CHttpResponseCodec.decode(W3CHttpResponseCodec.java:50)
at org.openqa.selenium.remote.HttpCommandExecutor.execute(HttpCommandExecutor.java:190)
at org.openqa.selenium.remote.service.DriverCommandExecutor.invokeExecute(DriverCommandExecutor.java:216)
at org.openqa.selenium.remote.service.DriverCommandExecutor.execute(DriverCommandExecutor.java:174)
at org.openqa.selenium.remote.RemoteWebDriver.execute(RemoteWebDriver.java:518)
at org.openqa.selenium.remote.ElementLocation$ElementFinder$2.findElement(ElementLocation.java:165)
at org.openqa.selenium.remote.ElementLocation.findElement(ElementLocation.java:59)
at org.openqa.selenium.remote.RemoteWebDriver.findElement(RemoteWebDriver.java:355)
at org.openqa.selenium.remote.RemoteWebDriver.findElement(RemoteWebDriver.java:349)
at org.openqa.selenium.support.pagefactory.DefaultElementLocator.findElement(DefaultElementLocator.java:68)
at org.openqa.selenium.support.pagefactory.internal.LocatingElementHandler.invoke(LocatingElementHandler.java:38)
at jdk.proxy2/jdk.proxy2.$Proxy13.click(Unknown Source)
at pages.Homepage.toMobile(Homepage.java:37)
at pages.Homepage.toSmartMobile(Homepage.java:41)
at test.HomepageTest.toSmartMobile(HomepageTest.java:27)
at java.base/java.util.ArrayList.forEach(ArrayList.java:1596)
... Removed 28 stack frames]]>
    </failure>
  </testcase> <!-- toSmartMobile -->
</testsuite> <!-- ProductTest -->
